0 info it worked if it ends with ok
1 verbose cli [ '/usr/bin/nodejs',
1 verbose cli   '/usr/lib/node_modules/npm/bin/npm-cli.js',
1 verbose cli   'run',
1 verbose cli   'start',
1 verbose cli   '--scripts-prepend-node-path=auto' ]
2 info using npm@4.1.2
3 info using node@v7.7.1
4 verbose run-script [ 'prestart', 'start', 'poststart' ]
5 info lifecycle md-pro-angular-cli@1.2.1~prestart: md-pro-angular-cli@1.2.1
6 silly lifecycle md-pro-angular-cli@1.2.1~prestart: no script for prestart, continuing
7 info lifecycle md-pro-angular-cli@1.2.1~start: md-pro-angular-cli@1.2.1
8 verbose lifecycle md-pro-angular-cli@1.2.1~start: unsafe-perm in lifecycle true
9 verbose lifecycle md-pro-angular-cli@1.2.1~start: PATH: /usr/lib/node_modules/npm/bin/node-gyp-bin:/home/vsd/AWIX/awix-dashboard/node_modules/.bin:/home/vsd/bin:/home/vsd/.local/bin:/usr/local/sbin:/usr/local/bin:/usr/sbin:/usr/bin:/sbin:/bin:/usr/games:/usr/local/games:/snap/bin
10 verbose lifecycle md-pro-angular-cli@1.2.1~start: CWD: /home/vsd/AWIX/awix-dashboard
11 silly lifecycle md-pro-angular-cli@1.2.1~start: Args: [ '-c', 'ng serve' ]
12 silly lifecycle md-pro-angular-cli@1.2.1~start: Returned: code: 1  signal: null
13 info lifecycle md-pro-angular-cli@1.2.1~start: Failed to exec start script
14 verbose stack Error: md-pro-angular-cli@1.2.1 start: `ng serve`
14 verbose stack Exit status 1
14 verbose stack     at EventEmitter.<anonymous> (/usr/lib/node_modules/npm/lib/utils/lifecycle.js:279:16)
14 verbose stack     at emitTwo (events.js:106:13)
14 verbose stack     at EventEmitter.emit (events.js:194:7)
14 verbose stack     at ChildProcess.<anonymous> (/usr/lib/node_modules/npm/lib/utils/spawn.js:40:14)
14 verbose stack     at emitTwo (events.js:106:13)
14 verbose stack     at ChildProcess.emit (events.js:194:7)
14 verbose stack     at maybeClose (internal/child_process.js:899:16)
14 verbose stack     at Process.ChildProcess._handle.onexit (internal/child_process.js:226:5)
15 verbose pkgid md-pro-angular-cli@1.2.1
16 verbose cwd /home/vsd/AWIX/awix-dashboard
17 error Linux 4.4.0-93-generic
18 error argv "/usr/bin/nodejs" "/usr/lib/node_modules/npm/bin/npm-cli.js" "run" "start" "--scripts-prepend-node-path=auto"
19 error node v7.7.1
20 error npm  v4.1.2
21 error code ELIFECYCLE
22 error md-pro-angular-cli@1.2.1 start: `ng serve`
22 error Exit status 1
23 error Failed at the md-pro-angular-cli@1.2.1 start script 'ng serve'.
23 error Make sure you have the latest version of node.js and npm installed.
23 error If you do, this is most likely a problem with the md-pro-angular-cli package,
23 error not with npm itself.
23 error Tell the author that this fails on your system:
23 error     ng serve
23 error You can get information on how to open an issue for this project with:
23 error     npm bugs md-pro-angular-cli
23 error Or if that isn't available, you can get their info via:
23 error     npm owner ls md-pro-angular-cli
23 error There is likely additional logging output above.
24 verbose exit [ 1, true ]
